# JRE version: OpenJDK Runtime Environment (8.0_121-b13) (build 1.8.0_121-b13)
# Java VM: OpenJDK 64-Bit Server VM (25.121-b13 mixed mode linux-amd64 compressed oops)
Heap:
 PSYoungGen      total 529920K, used 5597K [0x0000000771a00000, 0x0000000793400000, 0x00000007c0000000)
  eden space 508928K, 0% used [0x0000000771a00000,0x0000000771a00000,0x0000000790b00000)
  from space 20992K, 26% used [0x0000000790b00000,0x0000000791077738,0x0000000791f80000)
  to   space 10240K, 0% used [0x0000000792a00000,0x0000000792a00000,0x0000000793400000)
 ParOldGen       total 227840K, used 38877K [0x00000006d4e00000, 0x00000006e2c80000, 0x0000000771a00000)
  object space 227840K, 17% used [0x00000006d4e00000,0x00000006d73f7758,0x00000006e2c80000)
 Metaspace       used 66860K, capacity 67760K, committed 67968K, reserved 1107968K
  class space    used 10088K, capacity 10314K, committed 10368K, reserved 1048576K
GC Heap History (10 events):
Event: 80.366 GC heap after
Heap after GC invocations=17 (full 3):
 PSYoungGen      total 398336K, used 2554K [0x0000000771a00000, 0x000000078c480000, 0x00000007c0000000)
  eden space 386560K, 0% used [0x0000000771a00000,0x0000000771a00000,0x0000000789380000)
  from space 11776K, 21% used [0x000000078b900000,0x000000078bb7e9f0,0x000000078c480000)
  to   space 25088K, 0% used [0x0000000789380000,0x0000000789380000,0x000000078ac00000)
 ParOldGen       total 227840K, used 38837K [0x00000006d4e00000, 0x00000006e2c80000, 0x0000000771a00000)
  object space 227840K, 17% used [0x00000006d4e00000,0x00000006d73ed758,0x00000006e2c80000)
 Metaspace       used 62466K, capacity 63294K, committed 63616K, reserved 1103872K
  class space    used 9562K, capacity 9799K, committed 9856K, reserved 1048576K
}
Event: 119.913 GC heap before
{Heap before GC invocations=18 (full 3):
 PSYoungGen      total 398336K, used 389114K [0x0000000771a00000, 0x000000078c480000, 0x00000007c0000000)
  eden space 386560K, 100% used [0x0000000771a00000,0x0000000789380000,0x0000000789380000)
  from space 11776K, 21% used [0x000000078b900000,0x000000078bb7e9f0,0x000000078c480000)
  to   space 25088K, 0% used [0x0000000789380000,0x0000000789380000,0x000000078ac00000)
 ParOldGen       total 227840K, used 38837K [0x00000006d4e00000, 0x00000006e2c80000, 0x0000000771a00000)
  object space 227840K, 17% used [0x00000006d4e00000,0x00000006d73ed758,0x00000006e2c80000)
 Metaspace       used 66116K, capacity 66988K, committed 67200K, reserved 1105920K
  class space    used 10067K, capacity 10292K, committed 10368K, reserved 1048576K
Event: 119.939 GC heap after
Heap after GC invocations=18 (full 3):
 PSYoungGen      total 411648K, used 5902K [0x0000000771a00000, 0x0000000791e80000, 0x00000007c0000000)
  eden space 386560K, 0% used [0x0000000771a00000,0x0000000771a00000,0x0000000789380000)
  from space 25088K, 23% used [0x0000000789380000,0x0000000789943ac0,0x000000078ac00000)
  to   space 24064K, 0% used [0x0000000790700000,0x0000000790700000,0x0000000791e80000)
 ParOldGen       total 227840K, used 38845K [0x00000006d4e00000, 0x00000006e2c80000, 0x0000000771a00000)
  object space 227840K, 17% used [0x00000006d4e00000,0x00000006d73ef758,0x00000006e2c80000)
 Metaspace       used 66116K, capacity 66988K, committed 67200K, reserved 1105920K
  class space    used 10067K, capacity 10292K, committed 10368K, reserved 1048576K
}
Event: 159.274 GC heap before
{Heap before GC invocations=19 (full 3):
 PSYoungGen      total 411648K, used 392462K [0x0000000771a00000, 0x0000000791e80000, 0x00000007c0000000)
  eden space 386560K, 100% used [0x0000000771a00000,0x0000000789380000,0x0000000789380000)
  from space 25088K, 23% used [0x0000000789380000,0x0000000789943ac0,0x000000078ac00000)
  to   space 24064K, 0% used [0x0000000790700000,0x0000000790700000,0x0000000791e80000)
 ParOldGen       total 227840K, used 38845K [0x00000006d4e00000, 0x00000006e2c80000, 0x0000000771a00000)
  object space 227840K, 17% used [0x00000006d4e00000,0x00000006d73ef758,0x00000006e2c80000)
 Metaspace       used 66405K, capacity 67286K, committed 67456K, reserved 1105920K
  class space    used 10072K, capacity 10299K, committed 10368K, reserved 1048576K
Event: 159.294 GC heap after
Heap after GC invocations=19 (full 3):
 PSYoungGen      total 473088K, used 4026K [0x0000000771a00000, 0x0000000790e00000, 0x00000007c0000000)
  eden space 465920K, 0% used [0x0000000771a00000,0x0000000771a00000,0x000000078e100000)
  from space 7168K, 56% used [0x0000000790700000,0x0000000790aee810,0x0000000790e00000)
  to   space 23040K, 0% used [0x000000078e100000,0x000000078e100000,0x000000078f780000)
 ParOldGen       total 227840K, used 38853K [0x00000006d4e00000, 0x00000006e2c80000, 0x0000000771a00000)
  object space 227840K, 17% used [0x00000006d4e00000,0x00000006d73f1758,0x00000006e2c80000)
 Metaspace       used 66405K, capacity 67286K, committed 67456K, reserved 1105920K
  class space    used 10072K, capacity 10299K, committed 10368K, reserved 1048576K
}
Event: 203.704 GC heap before
{Heap before GC invocations=20 (full 3):
 PSYoungGen      total 473088K, used 469946K [0x0000000771a00000, 0x0000000790e00000, 0x00000007c0000000)
  eden space 465920K, 100% used [0x0000000771a00000,0x000000078e100000,0x000000078e100000)
  from space 7168K, 56% used [0x0000000790700000,0x0000000790aee810,0x0000000790e00000)
  to   space 23040K, 0% used [0x000000078e100000,0x000000078e100000,0x000000078f780000)
 ParOldGen       total 227840K, used 38853K [0x00000006d4e00000, 0x00000006e2c80000, 0x0000000771a00000)
  object space 227840K, 17% used [0x00000006d4e00000,0x00000006d73f1758,0x00000006e2c80000)
 Metaspace       used 66611K, capacity 67556K, committed 67712K, reserved 1105920K
  class space    used 10080K, capacity 10312K, committed 10368K, reserved 1048576K
Event: 203.723 GC heap after
Heap after GC invocations=20 (full 3):
 PSYoungGen      total 488960K, used 4444K [0x0000000771a00000, 0x0000000793f80000, 0x00000007c0000000)
  eden space 465920K, 0% used [0x0000000771a00000,0x0000000771a00000,0x000000078e100000)
  from space 23040K, 19% used [0x000000078e100000,0x000000078e557118,0x000000078f780000)
  to   space 22016K, 0% used [0x0000000792a00000,0x0000000792a00000,0x0000000793f80000)
 ParOldGen       total 227840K, used 38861K [0x00000006d4e00000, 0x00000006e2c80000, 0x0000000771a00000)
  object space 227840K, 17% used [0x00000006d4e00000,0x00000006d73f3758,0x00000006e2c80000)
 Metaspace       used 66611K, capacity 67556K, committed 67712K, reserved 1105920K
  class space    used 10080K, capacity 10312K, committed 10368K, reserved 1048576K
}
Event: 251.844 GC heap before
{Heap before GC invocations=21 (full 3):
 PSYoungGen      total 488960K, used 470364K [0x0000000771a00000, 0x0000000793f80000, 0x00000007c0000000)
  eden space 465920K, 100% used [0x0000000771a00000,0x000000078e100000,0x000000078e100000)
  from space 23040K, 19% used [0x000000078e100000,0x000000078e557118,0x000000078f780000)
  to   space 22016K, 0% used [0x0000000792a00000,0x0000000792a00000,0x0000000793f80000)
 ParOldGen       total 227840K, used 38861K [0x00000006d4e00000, 0x00000006e2c80000, 0x0000000771a00000)
  object space 227840K, 17% used [0x00000006d4e00000,0x00000006d73f3758,0x00000006e2c80000)
 Metaspace       used 66806K, capacity 67748K, committed 67968K, reserved 1107968K
  class space    used 10080K, capacity 10312K, committed 10368K, reserved 1048576K
Event: 251.872 GC heap after
Heap after GC invocations=21 (full 3):
 PSYoungGen      total 519168K, used 5103K [0x0000000771a00000, 0x0000000793400000, 0x00000007c0000000)
  eden space 508928K, 0% used [0x0000000771a00000,0x0000000771a00000,0x0000000790b00000)
  from space 10240K, 49% used [0x0000000792a00000,0x0000000792efbdc8,0x0000000793400000)
  to   space 20992K, 0% used [0x0000000790b00000,0x0000000790b00000,0x0000000791f80000)
 ParOldGen       total 227840K, used 38869K [0x00000006d4e00000, 0x00000006e2c80000, 0x0000000771a00000)
  object space 227840K, 17% used [0x00000006d4e00000,0x00000006d73f5758,0x00000006e2c80000)
 Metaspace       used 66806K, capacity 67748K, committed 67968K, reserved 1107968K
  class space    used 10080K, capacity 10312K, committed 10368K, reserved 1048576K
}
Event: 423.495 GC heap before
{Heap before GC invocations=22 (full 3):
 PSYoungGen      total 519168K, used 514031K [0x0000000771a00000, 0x0000000793400000, 0x00000007c0000000)
  eden space 508928K, 100% used [0x0000000771a00000,0x0000000790b00000,0x0000000790b00000)
  from space 10240K, 49% used [0x0000000792a00000,0x0000000792efbdc8,0x0000000793400000)
  to   space 20992K, 0% used [0x0000000790b00000,0x0000000790b00000,0x0000000791f80000)
 ParOldGen       total 227840K, used 38869K [0x00000006d4e00000, 0x00000006e2c80000, 0x0000000771a00000)
  object space 227840K, 17% used [0x00000006d4e00000,0x00000006d73f5758,0x00000006e2c80000)
 Metaspace       used 66860K, capacity 67760K, committed 67968K, reserved 1107968K
  class space    used 10088K, capacity 10314K, committed 10368K, reserved 1048576K

