# JRE version: OpenJDK Runtime Environment (8.0_111-b14) (build 1.8.0_111-8u111-b14-2ubuntu0.16.04.2-b14)
# Java VM: OpenJDK 64-Bit Server VM (25.111-b14 mixed mode linux-amd64 compressed oops)
Heap:
 PSYoungGen      total 491520K, used 491462K [0x00000000d7200000, 0x0000000100000000, 0x0000000100000000)
  eden space 360960K, 100% used [0x00000000d7200000,0x00000000ed280000,0x00000000ed280000)
  from space 130560K, 99% used [0x00000000ed280000,0x00000000f51f18c8,0x00000000f5200000)
  to   space 168960K, 0% used [0x00000000f5b00000,0x00000000f5b00000,0x0000000100000000)
 ParOldGen       total 255488K, used 145115K [0x0000000085600000, 0x0000000094f80000, 0x00000000d7200000)
  object space 255488K, 56% used [0x0000000085600000,0x000000008e3b6e58,0x0000000094f80000)
 Metaspace       used 67647K, capacity 68702K, committed 69080K, reserved 1107968K
  class space    used 10110K, capacity 10355K, committed 10456K, reserved 1048576K
GC Heap History (10 events):
Event: 502.105 GC heap before
{Heap before GC invocations=39 (full 4):
 PSYoungGen      total 561152K, used 498745K [0x00000000d7200000, 0x0000000100000000, 0x0000000100000000)
  eden space 448512K, 100% used [0x00000000d7200000,0x00000000f2800000,0x00000000f2800000)
  from space 112640K, 44% used [0x00000000f9200000,0x00000000fc30e620,0x0000000100000000)
  to   space 108544K, 0% used [0x00000000f2800000,0x00000000f2800000,0x00000000f9200000)
 ParOldGen       total 255488K, used 119947K [0x0000000085600000, 0x0000000094f80000, 0x00000000d7200000)
  object space 255488K, 46% used [0x0000000085600000,0x000000008cb22e60,0x0000000094f80000)
 Metaspace       used 67453K, capacity 68568K, committed 68824K, reserved 1107968K
  class space    used 10109K, capacity 10354K, committed 10456K, reserved 1048576K
Event: 502.211 GC heap after
Heap after GC invocations=39 (full 4):
 PSYoungGen      total 557056K, used 108517K [0x00000000d7200000, 0x0000000100000000, 0x0000000100000000)
  eden space 448512K, 0% used [0x00000000d7200000,0x00000000d7200000,0x00000000f2800000)
  from space 108544K, 99% used [0x00000000f2800000,0x00000000f91f9478,0x00000000f9200000)
  to   space 112640K, 0% used [0x00000000f9200000,0x00000000f9200000,0x0000000100000000)
 ParOldGen       total 255488K, used 123666K [0x0000000085600000, 0x0000000094f80000, 0x00000000d7200000)
  object space 255488K, 48% used [0x0000000085600000,0x000000008cec4958,0x0000000094f80000)
 Metaspace       used 67453K, capacity 68568K, committed 68824K, reserved 1107968K
  class space    used 10109K, capacity 10354K, committed 10456K, reserved 1048576K
}
Event: 509.353 GC heap before
{Heap before GC invocations=40 (full 4):
 PSYoungGen      total 557056K, used 557029K [0x00000000d7200000, 0x0000000100000000, 0x0000000100000000)
  eden space 448512K, 100% used [0x00000000d7200000,0x00000000f2800000,0x00000000f2800000)
  from space 108544K, 99% used [0x00000000f2800000,0x00000000f91f9478,0x00000000f9200000)
  to   space 112640K, 0% used [0x00000000f9200000,0x00000000f9200000,0x0000000100000000)
 ParOldGen       total 255488K, used 123666K [0x0000000085600000, 0x0000000094f80000, 0x00000000d7200000)
  object space 255488K, 48% used [0x0000000085600000,0x000000008cec4958,0x0000000094f80000)
 Metaspace       used 67489K, capacity 68568K, committed 68824K, reserved 1107968K
  class space    used 10109K, capacity 10354K, committed 10456K, reserved 1048576K
Event: 509.533 GC heap after
Heap after GC invocations=40 (full 4):
 PSYoungGen      total 481280K, used 112630K [0x00000000d7200000, 0x0000000100000000, 0x0000000100000000)
  eden space 368640K, 0% used [0x00000000d7200000,0x00000000d7200000,0x00000000eda00000)
  from space 112640K, 99% used [0x00000000f9200000,0x00000000ffffd908,0x0000000100000000)
  to   space 150528K, 0% used [0x00000000eda00000,0x00000000eda00000,0x00000000f6d00000)
 ParOldGen       total 255488K, used 145091K [0x0000000085600000, 0x0000000094f80000, 0x00000000d7200000)
  object space 255488K, 56% used [0x0000000085600000,0x000000008e3b0e58,0x0000000094f80000)
 Metaspace       used 67489K, capacity 68568K, committed 68824K, reserved 1107968K
  class space    used 10109K, capacity 10354K, committed 10456K, reserved 1048576K
}
Event: 522.167 GC heap before
{Heap before GC invocations=41 (full 4):
 PSYoungGen      total 481280K, used 481270K [0x00000000d7200000, 0x0000000100000000, 0x0000000100000000)
  eden space 368640K, 100% used [0x00000000d7200000,0x00000000eda00000,0x00000000eda00000)
  from space 112640K, 99% used [0x00000000f9200000,0x00000000ffffd908,0x0000000100000000)
  to   space 150528K, 0% used [0x00000000eda00000,0x00000000eda00000,0x00000000f6d00000)
 ParOldGen       total 255488K, used 145091K [0x0000000085600000, 0x0000000094f80000, 0x00000000d7200000)
  object space 255488K, 56% used [0x0000000085600000,0x000000008e3b0e58,0x0000000094f80000)
 Metaspace       used 67534K, capacity 68632K, committed 68824K, reserved 1107968K
  class space    used 10109K, capacity 10354K, committed 10456K, reserved 1048576K
Event: 522.337 GC heap after
Heap after GC invocations=41 (full 4):
 PSYoungGen      total 464384K, used 95283K [0x00000000d7200000, 0x0000000100000000, 0x0000000100000000)
  eden space 368640K, 0% used [0x00000000d7200000,0x00000000d7200000,0x00000000eda00000)
  from space 95744K, 99% used [0x00000000eda00000,0x00000000f370cd28,0x00000000f3780000)
  to   space 155136K, 0% used [0x00000000f6880000,0x00000000f6880000,0x0000000100000000)
 ParOldGen       total 255488K, used 145099K [0x0000000085600000, 0x0000000094f80000, 0x00000000d7200000)
  object space 255488K, 56% used [0x0000000085600000,0x000000008e3b2e58,0x0000000094f80000)
 Metaspace       used 67534K, capacity 68632K, committed 68824K, reserved 1107968K
  class space    used 10109K, capacity 10354K, committed 10456K, reserved 1048576K
}
Event: 537.251 GC heap before
{Heap before GC invocations=42 (full 4):
 PSYoungGen      total 464384K, used 463923K [0x00000000d7200000, 0x0000000100000000, 0x0000000100000000)
  eden space 368640K, 100% used [0x00000000d7200000,0x00000000eda00000,0x00000000eda00000)
  from space 95744K, 99% used [0x00000000eda00000,0x00000000f370cd28,0x00000000f3780000)
  to   space 155136K, 0% used [0x00000000f6880000,0x00000000f6880000,0x0000000100000000)
 ParOldGen       total 255488K, used 145099K [0x0000000085600000, 0x0000000094f80000, 0x00000000d7200000)
  object space 255488K, 56% used [0x0000000085600000,0x000000008e3b2e58,0x0000000094f80000)
 Metaspace       used 67573K, capacity 68632K, committed 68824K, reserved 1107968K
  class space    used 10109K, capacity 10354K, committed 10456K, reserved 1048576K
Event: 537.406 GC heap after
Heap after GC invocations=42 (full 4):
 PSYoungGen      total 516096K, used 83469K [0x00000000d7200000, 0x0000000100000000, 0x0000000100000000)
  eden space 360960K, 0% used [0x00000000d7200000,0x00000000d7200000,0x00000000ed280000)
  from space 155136K, 53% used [0x00000000f6880000,0x00000000fba035f8,0x0000000100000000)
  to   space 153600K, 0% used [0x00000000ed280000,0x00000000ed280000,0x00000000f6880000)
 ParOldGen       total 255488K, used 145107K [0x0000000085600000, 0x0000000094f80000, 0x00000000d7200000)
  object space 255488K, 56% used [0x0000000085600000,0x000000008e3b4e58,0x0000000094f80000)
 Metaspace       used 67573K, capacity 68632K, committed 68824K, reserved 1107968K
  class space    used 10109K, capacity 10354K, committed 10456K, reserved 1048576K
}
Event: 561.576 GC heap before
{Heap before GC invocations=43 (full 4):
 PSYoungGen      total 516096K, used 444429K [0x00000000d7200000, 0x0000000100000000, 0x0000000100000000)
  eden space 360960K, 100% used [0x00000000d7200000,0x00000000ed280000,0x00000000ed280000)
  from space 155136K, 53% used [0x00000000f6880000,0x00000000fba035f8,0x0000000100000000)
  to   space 153600K, 0% used [0x00000000ed280000,0x00000000ed280000,0x00000000f6880000)
 ParOldGen       total 255488K, used 145107K [0x0000000085600000, 0x0000000094f80000, 0x00000000d7200000)
  object space 255488K, 56% used [0x0000000085600000,0x000000008e3b4e58,0x0000000094f80000)
 Metaspace       used 67645K, capacity 68702K, committed 69080K, reserved 1107968K
  class space    used 10109K, capacity 10355K, committed 10456K, reserved 1048576K
Event: 561.774 GC heap after
Heap after GC invocations=43 (full 4):
 PSYoungGen      total 491520K, used 130502K [0x00000000d7200000, 0x0000000100000000, 0x0000000100000000)
  eden space 360960K, 0% used [0x00000000d7200000,0x00000000d7200000,0x00000000ed280000)
  from space 130560K, 99% used [0x00000000ed280000,0x00000000f51f18c8,0x00000000f5200000)
  to   space 168960K, 0% used [0x00000000f5b00000,0x00000000f5b00000,0x0000000100000000)
 ParOldGen       total 255488K, used 145115K [0x0000000085600000, 0x0000000094f80000, 0x00000000d7200000)
  object space 255488K, 56% used [0x0000000085600000,0x000000008e3b6e58,0x0000000094f80000)
 Metaspace       used 67645K, capacity 68702K, committed 69080K, reserved 1107968K
  class space    used 10109K, capacity 10355K, committed 10456K, reserved 1048576K
}

